# JRE version: 7.0_09-b30
# Java VM: OpenJDK 64-Bit Server VM (23.2-b09 mixed mode linux-amd64 compressed oops)
Heap
 PSYoungGen      total 6656K, used 6538K [0x00000000e0e00000, 0x00000000e1500000, 0x0000000100000000)
  eden space 6144K, 98% used [0x00000000e0e00000,0x00000000e13e2800,0x00000000e1400000)
  from space 512K, 100% used [0x00000000e1480000,0x00000000e1500000,0x00000000e1500000)
  to   space 512K, 0% used [0x00000000e1400000,0x00000000e1400000,0x00000000e1480000)
 ParOldGen       total 5504K, used 1550K [0x00000000a2a00000, 0x00000000a2f60000, 0x00000000e0e00000)
  object space 5504K, 28% used [0x00000000a2a00000,0x00000000a2b83a30,0x00000000a2f60000)
 PSPermGen       total 21248K, used 7327K [0x0000000098400000, 0x00000000998c0000, 0x00000000a2a00000)
  object space 21248K, 34% used [0x0000000098400000,0x0000000098b27f18,0x00000000998c0000)
GC Heap History (4 events):
Event: 1,024 GC heap before
{Heap before GC invocations=1 (full 0):
 PSYoungGen      total 3584K, used 3062K [0x00000000e0e00000, 0x00000000e1200000, 0x0000000100000000)
  eden space 3072K, 99% used [0x00000000e0e00000,0x00000000e10fdac0,0x00000000e1100000)
  from space 512K, 0% used [0x00000000e1180000,0x00000000e1180000,0x00000000e1200000)
  to   space 512K, 0% used [0x00000000e1100000,0x00000000e1100000,0x00000000e1180000)
 ParOldGen       total 5504K, used 0K [0x00000000a2a00000, 0x00000000a2f60000, 0x00000000e0e00000)
  object space 5504K, 0% used [0x00000000a2a00000,0x00000000a2a00000,0x00000000a2f60000)
 PSPermGen       total 21248K, used 5231K [0x0000000098400000, 0x00000000998c0000, 0x00000000a2a00000)
  object space 21248K, 24% used [0x0000000098400000,0x000000009891bd30,0x00000000998c0000)
Event: 1,034 GC heap after
Heap after GC invocations=1 (full 0):
 PSYoungGen      total 3584K, used 487K [0x00000000e0e00000, 0x00000000e1500000, 0x0000000100000000)
  eden space 3072K, 0% used [0x00000000e0e00000,0x00000000e0e00000,0x00000000e1100000)
  from space 512K, 95% used [0x00000000e1100000,0x00000000e1179f70,0x00000000e1180000)
  to   space 512K, 0% used [0x00000000e1480000,0x00000000e1480000,0x00000000e1500000)
 ParOldGen       total 5504K, used 825K [0x00000000a2a00000, 0x00000000a2f60000, 0x00000000e0e00000)
  object space 5504K, 15% used [0x00000000a2a00000,0x00000000a2ace700,0x00000000a2f60000)
 PSPermGen       total 21248K, used 5231K [0x0000000098400000, 0x00000000998c0000, 0x00000000a2a00000)
  object space 21248K, 24% used [0x0000000098400000,0x000000009891bd30,0x00000000998c0000)
}
Event: 1,396 GC heap before
{Heap before GC invocations=2 (full 0):
 PSYoungGen      total 3584K, used 3559K [0x00000000e0e00000, 0x00000000e1500000, 0x0000000100000000)
  eden space 3072K, 100% used [0x00000000e0e00000,0x00000000e1100000,0x00000000e1100000)
  from space 512K, 95% used [0x00000000e1100000,0x00000000e1179f70,0x00000000e1180000)
  to   space 512K, 0% used [0x00000000e1480000,0x00000000e1480000,0x00000000e1500000)
 ParOldGen       total 5504K, used 825K [0x00000000a2a00000, 0x00000000a2f60000, 0x00000000e0e00000)
  object space 5504K, 15% used [0x00000000a2a00000,0x00000000a2ace700,0x00000000a2f60000)
 PSPermGen       total 21248K, used 6042K [0x0000000098400000, 0x00000000998c0000, 0x00000000a2a00000)
  object space 21248K, 28% used [0x0000000098400000,0x00000000989e68c0,0x00000000998c0000)
Event: 1,405 GC heap after
Heap after GC invocations=2 (full 0):
 PSYoungGen      total 6656K, used 512K [0x00000000e0e00000, 0x00000000e1500000, 0x0000000100000000)
  eden space 6144K, 0% used [0x00000000e0e00000,0x00000000e0e00000,0x00000000e1400000)
  from space 512K, 100% used [0x00000000e1480000,0x00000000e1500000,0x00000000e1500000)
  to   space 512K, 0% used [0x00000000e1400000,0x00000000e1400000,0x00000000e1480000)
 ParOldGen       total 5504K, used 1550K [0x00000000a2a00000, 0x00000000a2f60000, 0x00000000e0e00000)
  object space 5504K, 28% used [0x00000000a2a00000,0x00000000a2b83a30,0x00000000a2f60000)
 PSPermGen       total 21248K, used 6042K [0x0000000098400000, 0x00000000998c0000, 0x00000000a2a00000)
  object space 21248K, 28% used [0x0000000098400000,0x00000000989e68c0,0x00000000998c0000)
}

